#
# There is insufficient memory for the Java Runtime Environment to continue.
# Native memory allocation (malloc) failed to allocate 32744 bytes for ChunkPool::allocate
# Possible reasons:
#   The system is out of physical RAM or swap space
#   The process is running with CompressedOops enabled, and the Java Heap may be blocking the growth of the native heap
# Possible solutions:
#   Reduce memory load on the system
#   Increase physical memory or swap space
#   Check if swap backing store is full
#   Decrease Java heap size (-Xmx/-Xms)
#   Decrease number of Java threads
#   Decrease Java thread stack sizes (-Xss)
#   Set larger code cache with -XX:ReservedCodeCacheSize=
#   JVM is running with Zero Based Compressed Oops mode in which the Java heap is
#     placed in the first 32GB address space. The Java Heap base address is the
#     maximum limit for the native heap growth. Please use -XX:HeapBaseMinAddress
#     to set the Java Heap base and to place the Java Heap above 32GB virtual address.
# This output file may be truncated or incomplete.
#
#  Out of Memory Error (./open/src/hotspot/share/memory/arena.cpp:79), pid=13640, tid=1532
#
# JRE version: Java(TM) SE Runtime Environment (15.0.1+9) (build 15.0.1+9-18)
# Java VM: Java HotSpot(TM) 64-Bit Server VM (15.0.1+9-18, mixed mode, sharing, tiered, compressed oops, g1 gc, windows-amd64)
# No core dump will be written. Minidumps are not enabled by default on client versions of Windows
#

---------------  S U M M A R Y ------------

Command Line: -XX:TieredStopAtLevel=1 com.infor.apirestescalante.ApirestescalanteApplication

Host: Intel(R) Core(TM) i7-7500U CPU @ 2.70GHz, 4 cores, 10G,  Windows 10 , 64 bit Build 19041 (10.0.19041.662)
Time: Fri Dec 18 17:02:48 2020 Hora estándar de Argentina elapsed time: 0.453572 seconds (0d 0h 0m 0s)

---------------  T H R E A D  ---------------

Current thread (0x000001ea4c4dcda0):  JavaThread "main" [_thread_in_vm, id=1532, stack(0x0000000e63000000,0x0000000e63100000)]

Stack: [0x0000000e63000000,0x0000000e63100000]
Native frames: (J=compiled Java code, j=interpreted, Vv=VM code, C=native code)
V  [jvm.dll+0x62ae9a]
V  [jvm.dll+0x781389]
V  [jvm.dll+0x782ae3]
V  [jvm.dll+0x783143]
V  [jvm.dll+0x216265]
V  [jvm.dll+0x9828f]
V  [jvm.dll+0x985dc]
V  [jvm.dll+0x7075f6]
V  [jvm.dll+0x70833d]
V  [jvm.dll+0x1c0127]
V  [jvm.dll+0x1b2d9a]
V  [jvm.dll+0x504cd8]
V  [jvm.dll+0x707481]
V  [jvm.dll+0x3d9d3b]
V  [jvm.dll+0x3dfdb4]
C  [java.dll+0x1780]

Java frames: (J=compiled Java code, j=interpreted, Vv=VM code)
j  java.lang.ClassLoader.defineClass1(Ljava/lang/ClassLoader;Ljava/lang/String;[BIILjava/security/ProtectionDomain;Ljava/lang/String;)Ljava/lang/Class;+0 java.base@15.0.1
j  java.lang.ClassLoader.defineClass(Ljava/lang/String;[BIILjava/security/ProtectionDomain;)Ljava/lang/Class;+27 java.base@15.0.1
j  java.security.SecureClassLoader.defineClass(Ljava/lang/String;[BIILjava/security/CodeSource;)Ljava/lang/Class;+12 java.base@15.0.1
j  jdk.internal.loader.BuiltinClassLoader.defineClass(Ljava/lang/String;Ljdk/internal/loader/Resource;)Ljava/lang/Class;+117 java.base@15.0.1
j  jdk.internal.loader.BuiltinClassLoader.findClassOnClassPathOrNull(Ljava/lang/String;)Ljava/lang/Class;+37 java.base@15.0.1
J 363 c1 jdk.internal.loader.BuiltinClassLoader.loadClassOrNull(Ljava/lang/String;Z)Ljava/lang/Class; java.base@15.0.1 (143 bytes) @ 0x000001ea54e34314 [0x000001ea54e33e80+0x0000000000000494]
j  jdk.internal.loader.BuiltinClassLoader.loadClass(Ljava/lang/String;Z)Ljava/lang/Class;+3 java.base@15.0.1
j  jdk.internal.loader.ClassLoaders$AppClassLoader.loadClass(Ljava/lang/String;Z)Ljava/lang/Class;+36 java.base@15.0.1
j  java.lang.ClassLoader.loadClass(Ljava/lang/String;)Ljava/lang/Class;+3 java.base@15.0.1
v  ~StubRoutines::call_stub
j  ch.qos.logback.classic.layout.TTLLLayout.<init>()V+18
j  ch.qos.logback.classic.BasicConfigurator.configure(Lch/qos/logback/classic/LoggerContext;)V+42
j  ch.qos.logback.classic.util.ContextInitializer.autoConfig()V+121
j  org.slf4j.impl.StaticLoggerBinder.init()V+11
j  org.slf4j.impl.StaticLoggerBinder.<clinit>()V+28
v  ~StubRoutines::call_stub
j  org.slf4j.LoggerFactory.bind()V+16
j  org.slf4j.LoggerFactory.performInitialization()V+0
j  org.slf4j.LoggerFactory.getILoggerFactory()Lorg/slf4j/ILoggerFactory;+21
j  org.slf4j.LoggerFactory.getLogger(Ljava/lang/String;)Lorg/slf4j/Logger;+0
j  org.apache.commons.logging.LogAdapter$Slf4jAdapter.createLocationAwareLog(Ljava/lang/String;)Lorg/apache/commons/logging/Log;+1
j  org.apache.commons.logging.LogAdapter.createLog(Ljava/lang/String;)Lorg/apache/commons/logging/Log;+42
j  org.apache.commons.logging.LogFactory.getLog(Ljava/lang/String;)Lorg/apache/commons/logging/Log;+1
j  org.apache.commons.logging.LogFactory.getLog(Ljava/lang/Class;)Lorg/apache/commons/logging/Log;+4
j  org.springframework.boot.SpringApplication.<clinit>()V+2
v  ~StubRoutines::call_stub
j  com.infor.apirestescalante.ApirestescalanteApplication.main([Ljava/lang/String;)V+3
v  ~StubRoutines::call_stub

---------------  P R O C E S S  ---------------

Threads class SMR info:
_java_thread_list=0x000001ea6c6f4420, length=10, elements={
0x000001ea4c4dcda0, 0x000001ea6bca3d20, 0x000001ea6bca4e10, 0x000001ea6bcba910,
0x000001ea6bcbf1f0, 0x000001ea6bcc4be0, 0x000001ea6bcc5650, 0x000001ea6bcd3470,
0x000001ea6c6f82a0, 0x000001ea6c6fba60
}

Java Threads: ( => current thread )
=>0x000001ea4c4dcda0 JavaThread "main" [_thread_in_vm, id=1532, stack(0x0000000e63000000,0x0000000e63100000)]
  0x000001ea6bca3d20 JavaThread "Reference Handler" daemon [_thread_blocked, id=13404, stack(0x0000000e63700000,0x0000000e63800000)]
  0x000001ea6bca4e10 JavaThread "Finalizer" daemon [_thread_blocked, id=14968, stack(0x0000000e63800000,0x0000000e63900000)]
  0x000001ea6bcba910 JavaThread "Signal Dispatcher" daemon [_thread_blocked, id=7312, stack(0x0000000e63900000,0x0000000e63a00000)]
  0x000001ea6bcbf1f0 JavaThread "Attach Listener" daemon [_thread_blocked, id=1248, stack(0x0000000e63a00000,0x0000000e63b00000)]
  0x000001ea6bcc4be0 JavaThread "Service Thread" daemon [_thread_blocked, id=13844, stack(0x0000000e63b00000,0x0000000e63c00000)]
  0x000001ea6bcc5650 JavaThread "C1 CompilerThread0" daemon [_thread_in_native, id=10620, stack(0x0000000e63c00000,0x0000000e63d00000)]
  0x000001ea6bcd3470 JavaThread "Sweeper thread" daemon [_thread_blocked, id=5816, stack(0x0000000e63d00000,0x0000000e63e00000)]
  0x000001ea6c6f82a0 JavaThread "Notification Thread" daemon [_thread_blocked, id=1768, stack(0x0000000e63e00000,0x0000000e63f00000)]
  0x000001ea6c6fba60 JavaThread "Common-Cleaner" daemon [_thread_blocked, id=13708, stack(0x0000000e64000000,0x0000000e64100000)]

Other Threads:
  0x000001ea6bc9d560 VMThread "VM Thread" [stack: 0x0000000e63600000,0x0000000e63700000] [id=3712]
  0x000001ea6c6fa780 WatcherThread [stack: 0x0000000e63f00000,0x0000000e64000000] [id=16348]
  0x000001ea4c51b750 GCTaskThread "GC Thread#0" [stack: 0x0000000e63100000,0x0000000e63200000] [id=15452]
  0x000001ea4c526ba0 ConcurrentGCThread "G1 Main Marker" [stack: 0x0000000e63200000,0x0000000e63300000] [id=16300]
  0x000001ea4c527f30 ConcurrentGCThread "G1 Conc#0" [stack: 0x0000000e63300000,0x0000000e63400000] [id=10108]
  0x000001ea4c5a7f50 ConcurrentGCThread "G1 Refine#0" [stack: 0x0000000e63400000,0x0000000e63500000] [id=13696]
  0x000001ea4c5a8a60 ConcurrentGCThread "G1 Young RemSet Sampling" [stack: 0x0000000e63500000,0x0000000e63600000] [id=13556]

Threads with active compile tasks:
C1 CompilerThread0      704  504       1       java.net.URLStreamHandler::parseURL (1201 bytes)

VM state: not at safepoint (normal execution)

VM Mutex/Monitor currently owned by a thread: None

Heap address: 0x000000075d000000, size: 2608 MB, Compressed Oops mode: Zero based, Oop shift amount: 3
CDS archive(s) mapped at: [0x0000000800000000-0x0000000800b50000-0x0000000800b50000), size 11862016, SharedBaseAddress: 0x0000000800000000, ArchiveRelocationMode: 0.
Compressed class space mapped at: 0x0000000800b50000-0x0000000840b50000, size: 1073741824
Narrow klass base: 0x0000000800000000, Narrow klass shift: 3, Narrow klass range: 0x100000000

GC Precious Log:
 CPUs: 4 total, 4 available
 Memory: 10428M
 Large Page Support: Disabled
 NUMA Support: Disabled
 Compressed Oops: Enabled (Zero based)
 Heap Region Size: 2M
 Heap Min Capacity: 8M
 Heap Initial Capacity: 164M
 Heap Max Capacity: 2608M
 Pre-touch: Disabled
 Parallel Workers: 4
 Concurrent Workers: 1
 Concurrent Refinement Workers: 4
 Periodic GC: Disabled

Heap:
 garbage-first heap   total 167936K, used 6144K [0x000000075d000000, 0x0000000800000000)
  region size 2048K, 5 young (10240K), 0 survivors (0K)
 Metaspace       used 1789K, capacity 5214K, committed 5376K, reserved 1056768K
  class space    used 190K, capacity 462K, committed 512K, reserved 1048576K

Heap Regions: E=young(eden), S=young(survivor), O=old, HS=humongous(starts), HC=humongous(continues), CS=collection set, F=free, OA=open archive, CA=closed archive, TAMS=top-at-mark-start (previous, next)
|   0|0x000000075d000000, 0x000000075d000000, 0x000000075d200000|  0%| F|  |TAMS 0x000000075d000000, 0x000000075d000000| Untracked 
|   1|0x000000075d200000, 0x000000075d200000, 0x000000075d400000|  0%| F|  |TAMS 0x000000075d200000, 0x000000075d200000| Untracked 
|   2|0x000000075d400000, 0x000000075d400000, 0x000000075d600000|  0%| F|  |TAMS 0x000000075d400000, 0x000000075d400000| Untracked 
|   3|0x000000075d600000, 0x000000075d600000, 0x000000075d800000|  0%| F|  |TAMS 0x000000075d600000, 0x000000075d600000| Untracked 
|   4|0x000000075d800000, 0x000000075d800000, 0x000000075da00000|  0%| F|  |TAMS 0x000000075d800000, 0x000000075d800000| Untracked 
|   5|0x000000075da00000, 0x000000075da00000, 0x000000075dc00000|  0%| F|  |TAMS 0x000000075da00000, 0x000000075da00000| Untracked 
|   6|0x000000075dc00000, 0x000000075dc00000, 0x000000075de00000|  0%| F|  |TAMS 0x000000075dc00000, 0x000000075dc00000| Untracked 
|   7|0x000000075de00000, 0x000000075de00000, 0x000000075e000000|  0%| F|  |TAMS 0x000000075de00000, 0x000000075de00000| Untracked 
|   8|0x000000075e000000, 0x000000075e000000, 0x000000075e200000|  0%| F|  |TAMS 0x000000075e000000, 0x000000075e000000| Untracked 
|   9|0x000000075e200000, 0x000000075e200000, 0x000000075e400000|  0%| F|  |TAMS 0x000000075e200000, 0x000000075e200000| Untracked 
|  10|0x000000075e400000, 0x000000075e400000, 0x000000075e600000|  0%| F|  |TAMS 0x000000075e400000, 0x000000075e400000| Untracked 
|  11|0x000000075e600000, 0x000000075e600000, 0x000000075e800000|  0%| F|  |TAMS 0x000000075e600000, 0x000000075e600000| Untracked 
|  12|0x000000075e800000, 0x000000075e800000, 0x000000075ea00000|  0%| F|  |TAMS 0x000000075e800000, 0x000000075e800000| Untracked 
|  13|0x000000075ea00000, 0x000000075ea00000, 0x000000075ec00000|  0%| F|  |TAMS 0x000000075ea00000, 0x000000075ea00000| Untracked 
|  14|0x000000075ec00000, 0x000000075ec00000, 0x000000075ee00000|  0%| F|  |TAMS 0x000000075ec00000, 0x000000075ec00000| Untracked 
|  15|0x000000075ee00000, 0x000000075ee00000, 0x000000075f000000|  0%| F|  |TAMS 0x000000075ee00000, 0x000000075ee00000| Untracked 
|  16|0x000000075f000000, 0x000000075f000000, 0x000000075f200000|  0%| F|  |TAMS 0x000000075f000000, 0x000000075f000000| Untracked 
|  17|0x000000075f200000, 0x000000075f200000, 0x000000075f400000|  0%| F|  |TAMS 0x000000075f200000, 0x000000075f200000| Untracked 
|  18|0x000000075f400000, 0x000000075f400000, 0x000000075f600000|  0%| F|  |TAMS 0x000000075f400000, 0x000000075f400000| Untracked 
|  19|0x000000075f600000, 0x000000075f600000, 0x000000075f800000|  0%| F|  |TAMS 0x000000075f600000, 0x000000075f600000| Untracked 
|  20|0x000000075f800000, 0x000000075f800000, 0x000000075fa00000|  0%| F|  |TAMS 0x000000075f800000, 0x000000075f800000| Untracked 
|  21|0x000000075fa00000, 0x000000075fa00000, 0x000000075fc00000|  0%| F|  |TAMS 0x000000075fa00000, 0x000000075fa00000| Untracked 
|  22|0x000000075fc00000, 0x000000075fc00000, 0x000000075fe00000|  0%| F|  |TAMS 0x000000075fc00000, 0x000000075fc00000| Untracked 
|  23|0x000000075fe00000, 0x000000075fe00000, 0x0000000760000000|  0%| F|  |TAMS 0x000000075fe00000, 0x000000075fe00000| Untracked 
|  24|0x0000000760000000, 0x0000000760000000, 0x0000000760200000|  0%| F|  |TAMS 0x0000000760000000, 0x0000000760000000| Untracked 
|  25|0x0000000760200000, 0x0000000760200000, 0x0000000760400000|  0%| F|  |TAMS 0x0000000760200000, 0x0000000760200000| Untracked 
|  26|0x0000000760400000, 0x0000000760400000, 0x0000000760600000|  0%| F|  |TAMS 0x0000000760400000, 0x0000000760400000| Untracked 
|  27|0x0000000760600000, 0x0000000760600000, 0x0000000760800000|  0%| F|  |TAMS 0x0000000760600000, 0x0000000760600000| Untracked 
|  28|0x0000000760800000, 0x0000000760800000, 0x0000000760a00000|  0%| F|  |TAMS 0x0000000760800000, 0x0000000760800000| Untracked 
|  29|0x0000000760a00000, 0x0000000760a00000, 0x0000000760c00000|  0%| F|  |TAMS 0x0000000760a00000, 0x0000000760a00000| Untracked 
|  30|0x0000000760c00000, 0x0000000760c00000, 0x0000000760e00000|  0%| F|  |TAMS 0x0000000760c00000, 0x0000000760c00000| Untracked 
|  31|0x0000000760e00000, 0x0000000760e00000, 0x0000000761000000|  0%| F|  |TAMS 0x0000000760e00000, 0x0000000760e00000| Untracked 
|  32|0x0000000761000000, 0x0000000761000000, 0x0000000761200000|  0%| F|  |TAMS 0x0000000761000000, 0x0000000761000000| Untracked 
|  33|0x0000000761200000, 0x0000000761200000, 0x0000000761400000|  0%| F|  |TAMS 0x0000000761200000, 0x0000000761200000| Untracked 
|  34|0x0000000761400000, 0x0000000761400000, 0x0000000761600000|  0%| F|  |TAMS 0x0000000761400000, 0x0000000761400000| Untracked 
|  35|0x0000000761600000, 0x0000000761600000, 0x0000000761800000|  0%| F|  |TAMS 0x0000000761600000, 0x0000000761600000| Untracked 
|  36|0x0000000761800000, 0x0000000761800000, 0x0000000761a00000|  0%| F|  |TAMS 0x0000000761800000, 0x0000000761800000| Untracked 
|  37|0x0000000761a00000, 0x0000000761a00000, 0x0000000761c00000|  0%| F|  |TAMS 0x0000000761a00000, 0x0000000761a00000| Untracked 
|  38|0x0000000761c00000, 0x0000000761c00000, 0x0000000761e00000|  0%| F|  |TAMS 0x0000000761c00000, 0x0000000761c00000| Untracked 
|  39|0x0000000761e00000, 0x0000000761e00000, 0x0000000762000000|  0%| F|  |TAMS 0x0000000761e00000, 0x0000000761e00000| Untracked 
|  40|0x0000000762000000, 0x0000000762000000, 0x0000000762200000|  0%| F|  |TAMS 0x0000000762000000, 0x0000000762000000| Untracked 
|  41|0x0000000762200000, 0x0000000762200000, 0x0000000762400000|  0%| F|  |TAMS 0x0000000762200000, 0x0000000762200000| Untracked 
|  42|0x0000000762400000, 0x0000000762400000, 0x0000000762600000|  0%| F|  |TAMS 0x0000000762400000, 0x0000000762400000| Untracked 
|  43|0x0000000762600000, 0x0000000762600000, 0x0000000762800000|  0%| F|  |TAMS 0x0000000762600000, 0x0000000762600000| Untracked 
|  44|0x0000000762800000, 0x0000000762800000, 0x0000000762a00000|  0%| F|  |TAMS 0x0000000762800000, 0x0000000762800000| Untracked 
|  45|0x0000000762a00000, 0x0000000762a00000, 0x0000000762c00000|  0%| F|  |TAMS 0x0000000762a00000, 0x0000000762a00000| Untracked 
|  46|0x0000000762c00000, 0x0000000762c00000, 0x0000000762e00000|  0%| F|  |TAMS 0x0000000762c00000, 0x0000000762c00000| Untracked 
|  47|0x0000000762e00000, 0x0000000762e00000, 0x0000000763000000|  0%| F|  |TAMS 0x0000000762e00000, 0x0000000762e00000| Untracked 
|  48|0x0000000763000000, 0x0000000763000000, 0x0000000763200000|  0%| F|  |TAMS 0x0000000763000000, 0x0000000763000000| Untracked 
|  49|0x0000000763200000, 0x0000000763200000, 0x0000000763400000|  0%| F|  |TAMS 0x0000000763200000, 0x0000000763200000| Untracked 
|  50|0x0000000763400000, 0x0000000763400000, 0x0000000763600000|  0%| F|  |TAMS 0x0000000763400000, 0x0000000763400000| Untracked 
|  51|0x0000000763600000, 0x0000000763600000, 0x0000000763800000|  0%| F|  |TAMS 0x0000000763600000, 0x0000000763600000| Untracked 
|  52|0x0000000763800000, 0x0000000763800000, 0x0000000763a00000|  0%| F|  |TAMS 0x0000000763800000, 0x0000000763800000| Untracked 
|  53|0x0000000763a00000, 0x0000000763a00000, 0x0000000763c00000|  0%| F|  |TAMS 0x0000000763a00000, 0x0000000763a00000| Untracked 
|  54|0x0000000763c00000, 0x0000000763c00000, 0x0000000763e00000|  0%| F|  |TAMS 0x0000000763c00000, 0x0000000763c00000| Untracked 
|  55|0x0000000763e00000, 0x0000000763e00000, 0x0000000764000000|  0%| F|  |TAMS 0x0000000763e00000, 0x0000000763e00000| Untracked 
|  56|0x0000000764000000, 0x0000000764000000, 0x0000000764200000|  0%| F|  |TAMS 0x0000000764000000, 0x0000000764000000| Untracked 
|  57|0x0000000764200000, 0x0000000764200000, 0x0000000764400000|  0%| F|  |TAMS 0x0000000764200000, 0x0000000764200000| Untracked 
|  58|0x0000000764400000, 0x0000000764400000, 0x0000000764600000|  0%| F|  |TAMS 0x0000000764400000, 0x0000000764400000| Untracked 
|  59|0x0000000764600000, 0x0000000764600000, 0x0000000764800000|  0%| F|  |TAMS 0x0000000764600000, 0x0000000764600000| Untracked 
|  60|0x0000000764800000, 0x0000000764800000, 0x0000000764a00000|  0%| F|  |TAMS 0x0000000764800000, 0x0000000764800000| Untracked 
|  61|0x0000000764a00000, 0x0000000764a00000, 0x0000000764c00000|  0%| F|  |TAMS 0x0000000764a00000, 0x0000000764a00000| Untracked 
|  62|0x0000000764c00000, 0x0000000764c00000, 0x0000000764e00000|  0%| F|  |TAMS 0x0000000764c00000, 0x0000000764c00000| Untracked 
|  63|0x0000000764e00000, 0x0000000764e00000, 0x0000000765000000|  0%| F|  |TAMS 0x0000000764e00000, 0x0000000764e00000| Untracked 
|  64|0x0000000765000000, 0x0000000765000000, 0x0000000765200000|  0%| F|  |TAMS 0x0000000765000000, 0x0000000765000000| Untracked 
|  65|0x0000000765200000, 0x0000000765200000, 0x0000000765400000|  0%| F|  |TAMS 0x0000000765200000, 0x0000000765200000| Untracked 
|  66|0x0000000765400000, 0x0000000765400000, 0x0000000765600000|  0%| F|  |TAMS 0x0000000765400000, 0x0000000765400000| Untracked 
|  67|0x0000000765600000, 0x0000000765600000, 0x0000000765800000|  0%| F|  |TAMS 0x0000000765600000, 0x0000000765600000| Untracked 
|  68|0x0000000765800000, 0x0000000765800000, 0x0000000765a00000|  0%| F|  |TAMS 0x0000000765800000, 0x0000000765800000| Untracked 
|  69|0x0000000765a00000, 0x0000000765a00000, 0x0000000765c00000|  0%| F|  |TAMS 0x0000000765a00000, 0x0000000765a00000| Untracked 
|  70|0x0000000765c00000, 0x0000000765c00000, 0x0000000765e00000|  0%| F|  |TAMS 0x0000000765c00000, 0x0000000765c00000| Untracked 
|  71|0x0000000765e00000, 0x0000000765e00000, 0x0000000766000000|  0%| F|  |TAMS 0x0000000765e00000, 0x0000000765e00000| Untracked 
|  72|0x0000000766000000, 0x0000000766000000, 0x0000000766200000|  0%| F|  |TAMS 0x0000000766000000, 0x0000000766000000| Untracked 
|  73|0x0000000766200000, 0x0000000766200000, 0x0000000766400000|  0%| F|  |TAMS 0x0000000766200000, 0x0000000766200000| Untracked 
|  74|0x0000000766400000, 0x0000000766400000, 0x0000000766600000|  0%| F|  |TAMS 0x0000000766400000, 0x0000000766400000| Untracked 
|  75|0x0000000766600000, 0x0000000766600000, 0x0000000766800000|  0%| F|  |TAMS 0x0000000766600000, 0x0000000766600000| Untracked 
|  76|0x0000000766800000, 0x0000000766800000, 0x0000000766a00000|  0%| F|  |TAMS 0x0000000766800000, 0x0000000766800000| Untracked 
|  77|0x0000000766a00000, 0x0000000766b73400, 0x0000000766c00000| 72%| E|  |TAMS 0x0000000766a00000, 0x0000000766a00000| Complete 
|  78|0x0000000766c00000, 0x0000000766e00000, 0x0000000766e00000|100%| E|CS|TAMS 0x0000000766c00000, 0x0000000766c00000| Complete 
|  79|0x0000000766e00000, 0x0000000767000000, 0x0000000767000000|100%| E|CS|TAMS 0x0000000766e00000, 0x0000000766e00000| Complete 
|  80|0x0000000767000000, 0x0000000767200000, 0x0000000767200000|100%| E|  |TAMS 0x0000000767000000, 0x0000000767000000| Complete 
|  81|0x0000000767200000, 0x0000000767400000, 0x0000000767400000|100%| E|CS|TAMS 0x0000000767200000, 0x0000000767200000| Complete 

Card table byte_map: [0x000001ea63c30000,0x000001ea64150000] _byte_map_base: 0x000001ea60148000

Marking Bits (Prev, Next): (CMBitMap*) 0x000001ea4c51bf40, (CMBitMap*) 0x000001ea4c51bf80
 Prev Bits: [0x000001ea64670000, 0x000001ea66f30000)
 Next Bits: [0x000001ea66f30000, 0x000001ea697f0000)

Polling page: 0x000001ea4a3d0000

Metaspace:

Usage:
  Non-class:      4.64 MB capacity,     1.56 MB ( 34%) used,     3.08 MB ( 66%) free+waste,     1.12 KB ( <1%) overhead. 
      Class:    462.00 KB capacity,   190.57 KB ( 41%) used,   270.74 KB ( 59%) free+waste,   704 bytes ( <1%) overhead. 
       Both:      5.09 MB capacity,     1.75 MB ( 34%) used,     3.34 MB ( 66%) free+waste,     1.81 KB ( <1%) overhead. 

Virtual space:
  Non-class space:        8.00 MB reserved,       4.75 MB ( 59%) committed 
      Class space:        1.00 GB reserved,     512.00 KB ( <1%) committed 
             Both:        1.01 GB reserved,       5.25 MB ( <1%) committed 

Chunk freelists:
   Non-Class:  48.00 KB
       Class:  18.00 KB
        Both:  66.00 KB

MaxMetaspaceSize: 17179869184.00 GB
CompressedClassSpaceSize: 1.00 GB

CodeHeap 'non-profiled nmethods': size=238912Kb used=674Kb max_used=674Kb free=238237Kb
 bounds [0x000001ea54dc0000, 0x000001ea55030000, 0x000001ea63710000]
CodeHeap 'non-nmethods': size=6848Kb used=1132Kb max_used=1132Kb free=5715Kb
 bounds [0x000001ea54710000, 0x000001ea54980000, 0x000001ea54dc0000]
 total_blobs=885 nmethods=503 adapters=310
 compilation: enabled
              stopped_count=0, restarted_count=0
 full_count=0

Compilation events (20 events):
Event: 0.350 Thread 0x000001ea6bcc5650 nmethod 494 0x000001ea54e65810 code [0x000001ea54e65a20, 0x000001ea54e65dc8]
Event: 0.350 Thread 0x000001ea6bcc5650  475       1       java.lang.invoke.MethodType::form (5 bytes)
Event: 0.350 Thread 0x000001ea6bcc5650 nmethod 475 0x000001ea54e66090 code [0x000001ea54e66220, 0x000001ea54e662d8]
Event: 0.350 Thread 0x000001ea6bcc5650  496       1       java.lang.invoke.MethodTypeForm::canonicalize (233 bytes)
Event: 0.351 Thread 0x000001ea6bcc5650 nmethod 496 0x000001ea54e66390 code [0x000001ea54e665a0, 0x000001ea54e66a18]
Event: 0.352 Thread 0x000001ea6bcc5650  430       1       sun.util.locale.LanguageTag::isExtlang (21 bytes)
Event: 0.353 Thread 0x000001ea6bcc5650 nmethod 430 0x000001ea54e66c10 code [0x000001ea54e66dc0, 0x000001ea54e67018]
Event: 0.353 Thread 0x000001ea6bcc5650  502       1       jdk.internal.org.objectweb.asm.SymbolTable::addConstantUtf8 (98 bytes)
Event: 0.354 Thread 0x000001ea6bcc5650 nmethod 502 0x000001ea54e67210 code [0x000001ea54e67400, 0x000001ea54e67778]
Event: 0.354 Thread 0x000001ea6bcc5650  498       1       jdk.internal.org.objectweb.asm.ClassReader::readUnsignedShort (26 bytes)
Event: 0.354 Thread 0x000001ea6bcc5650 nmethod 498 0x000001ea54e67a90 code [0x000001ea54e67c20, 0x000001ea54e67d38]
Event: 0.354 Thread 0x000001ea6bcc5650  500       1       java.lang.invoke.MethodHandle::type (5 bytes)
Event: 0.354 Thread 0x000001ea6bcc5650 nmethod 500 0x000001ea54e67e10 code [0x000001ea54e67fa0, 0x000001ea54e68058]
Event: 0.354 Thread 0x000001ea6bcc5650  503       1       jdk.internal.org.objectweb.asm.ByteVector::putByte (39 bytes)
Event: 0.355 Thread 0x000001ea6bcc5650 nmethod 503 0x000001ea54e68110 code [0x000001ea54e682c0, 0x000001ea54e68408]
Event: 0.355 Thread 0x000001ea6bcc5650  501       1       java.lang.invoke.MethodHandles$Lookup::lookupClass (5 bytes)
Event: 0.355 Thread 0x000001ea6bcc5650 nmethod 501 0x000001ea54e68510 code [0x000001ea54e686a0, 0x000001ea54e68758]
Event: 0.355 Thread 0x000001ea6bcc5650  499       1       java.lang.invoke.MethodType$ConcurrentWeakInternSet$WeakEntry::hashCode (5 bytes)
Event: 0.355 Thread 0x000001ea6bcc5650 nmethod 499 0x000001ea54e68810 code [0x000001ea54e689a0, 0x000001ea54e68a58]
Event: 0.362 Thread 0x000001ea6bcc5650  504       1       java.net.URLStreamHandler::parseURL (1201 bytes)

GC Heap History (0 events):
No events

Deoptimization events (0 events):
No events

Classes unloaded (0 events):
No events

Classes redefined (0 events):
No events

Internal exceptions (3 events):
Event: 0.227 Thread 0x000001ea4c4dcda0 Exception <a 'java/lang/ClassNotFoundException'{0x0000000766d471b0}: javax/smartcardio/CardPermission> (0x0000000766d471b0) 
thrown [./open/src/hotspot/share/classfile/systemDictionary.cpp, line 295]
Event: 0.230 Thread 0x000001ea4c4dcda0 Exception <a 'java/io/FileNotFoundException'{0x0000000766d55878}> (0x0000000766d55878) 
thrown [./open/src/hotspot/share/prims/jni.cpp, line 578]
Event: 0.240 Thread 0x000001ea4c4dcda0 Exception <a 'java/lang/NoSuchMethodError'{0x0000000766d81920}: 'void java.lang.invoke.DirectMethodHandle$Holder.invokeSpecial(java.lang.Object, java.lang.Object, java.lang.Object)'> (0x0000000766d81920) 
thrown [./open/src/hotspot/share/interpreter/linkResolver.cpp, line 782]

Events (20 events):
Event: 0.260 loading class java/util/zip/Checksum$1
Event: 0.260 loading class java/util/zip/Checksum$1 done
Event: 0.262 loading class jdk/internal/module/ModulePatcher$PatchedModuleReader
Event: 0.263 loading class jdk/internal/module/ModulePatcher$PatchedModuleReader done
Event: 0.313 loading class sun/util/resources/LocaleData$CommonResourceBundleProvider
Event: 0.313 loading class sun/util/resources/LocaleData$LocaleDataResourceBundleProvider
Event: 0.313 loading class java/util/spi/ResourceBundleProvider
Event: 0.313 loading class java/util/spi/ResourceBundleProvider done
Event: 0.313 loading class sun/util/resources/LocaleData$LocaleDataResourceBundleProvider done
Event: 0.313 loading class sun/util/resources/LocaleData$CommonResourceBundleProvider done
Event: 0.313 loading class java/util/ArrayList$SubList$1
Event: 0.314 loading class java/util/ArrayList$SubList$1 done
Event: 0.314 loading class sun/util/resources/Bundles$2
Event: 0.314 loading class sun/util/resources/Bundles$2 done
Event: 0.315 loading class java/lang/InstantiationException
Event: 0.315 loading class java/lang/InstantiationException done
Event: 0.315 loading class java/lang/InternalError
Event: 0.315 loading class java/lang/InternalError done
Event: 0.365 loading class java/lang/NumberFormatException
Event: 0.365 loading class java/lang/NumberFormatException done


Dynamic libraries:
0x00007ff7a8800000 - 0x00007ff7a880f000 	C:\Program Files\Java\jdk-15.0.1\bin\java.exe
0x00007ffaaa950000 - 0x00007ffaaab46000 	C:\WINDOWS\SYSTEM32\ntdll.dll
0x00007ffaa89b0000 - 0x00007ffaa8a6d000 	C:\WINDOWS\System32\KERNEL32.DLL
0x00007ffaa8400000 - 0x00007ffaa86c9000 	C:\WINDOWS\System32\KERNELBASE.dll
0x00007ffaa87e0000 - 0x00007ffaa88e0000 	C:\WINDOWS\System32\ucrtbase.dll
0x00007ffa93bb0000 - 0x00007ffa93bc8000 	C:\Program Files\Java\jdk-15.0.1\bin\jli.dll
0x00007ffaa8b90000 - 0x00007ffaa8c3c000 	C:\WINDOWS\System32\ADVAPI32.dll
0x00007ffaa8de0000 - 0x00007ffaa8e7e000 	C:\WINDOWS\System32\msvcrt.dll
0x00007ffaa9ac0000 - 0x00007ffaa9b5c000 	C:\WINDOWS\System32\sechost.dll
0x00007ffaa9990000 - 0x00007ffaa9abb000 	C:\WINDOWS\System32\RPCRT4.dll
0x00007ffaaa770000 - 0x00007ffaaa910000 	C:\WINDOWS\System32\USER32.dll
0x00007ffaa8730000 - 0x00007ffaa8752000 	C:\WINDOWS\System32\win32u.dll
0x00007ffaa8c40000 - 0x00007ffaa8c6a000 	C:\WINDOWS\System32\GDI32.dll
0x00007ffaa82f0000 - 0x00007ffaa83f9000 	C:\WINDOWS\System32\gdi32full.dll
0x00007ffaa8910000 - 0x00007ffaa89ad000 	C:\WINDOWS\System32\msvcp_win.dll
0x00007ffa94550000 - 0x00007ffa94569000 	C:\Program Files\Java\jdk-15.0.1\bin\VCRUNTIME140.dll
0x00007ffa952c0000 - 0x00007ffa9555b000 	C:\WINDOWS\WinSxS\amd64_microsoft.windows.common-controls_6595b64144ccf1df_6.0.19041.488_none_ca04af081b815d21\COMCTL32.dll
0x00007ffa9d1b0000 - 0x00007ffa9d1ba000 	C:\WINDOWS\SYSTEM32\VERSION.dll
0x00007ffaaa0c0000 - 0x00007ffaaa0f0000 	C:\WINDOWS\System32\IMM32.DLL
0x00007ffaa44a0000 - 0x00007ffaa44ac000 	C:\Program Files\Java\jdk-15.0.1\bin\vcruntime140_1.dll
0x00007ffa91810000 - 0x00007ffa918a1000 	C:\Program Files\Java\jdk-15.0.1\bin\msvcp140.dll
0x00007ffa5dc00000 - 0x00007ffa5e75e000 	C:\Program Files\Java\jdk-15.0.1\bin\server\jvm.dll
0x00007ffaa9fb0000 - 0x00007ffaa9fb8000 	C:\WINDOWS\System32\PSAPI.DLL
0x00007ffa99ab0000 - 0x00007ffa99ad7000 	C:\WINDOWS\SYSTEM32\WINMM.dll
0x00007ffa981e0000 - 0x00007ffa981e9000 	C:\WINDOWS\SYSTEM32\WSOCK32.dll
0x00007ffaa9bd0000 - 0x00007ffaa9c3b000 	C:\WINDOWS\System32\WS2_32.dll
0x00007ffaa6c90000 - 0x00007ffaa6ca2000 	C:\WINDOWS\SYSTEM32\kernel.appcore.dll
0x00007ffaa2e90000 - 0x00007ffaa2e9a000 	C:\Program Files\Java\jdk-15.0.1\bin\jimage.dll
0x00007ffaa6670000 - 0x00007ffaa6854000 	C:\WINDOWS\SYSTEM32\DBGHELP.DLL
0x00007ffa978d0000 - 0x00007ffa978fc000 	C:\WINDOWS\SYSTEM32\dbgcore.DLL
0x00007ffaa8760000 - 0x00007ffaa87e0000 	C:\WINDOWS\System32\bcryptPrimitives.dll
0x00007ffa93b30000 - 0x00007ffa93b55000 	C:\Program Files\Java\jdk-15.0.1\bin\java.dll
0x00007ffaa8e80000 - 0x00007ffaa95c2000 	C:\WINDOWS\System32\SHELL32.dll
0x00007ffaa5db0000 - 0x00007ffaa6545000 	C:\WINDOWS\SYSTEM32\windows.storage.dll
0x00007ffaa9630000 - 0x00007ffaa9986000 	C:\WINDOWS\System32\combase.dll
0x00007ffaa7a30000 - 0x00007ffaa7a5c000 	C:\WINDOWS\SYSTEM32\Wldp.dll
0x00007ffaa9cf0000 - 0x00007ffaa9d9e000 	C:\WINDOWS\System32\SHCORE.dll
0x00007ffaa95d0000 - 0x00007ffaa9625000 	C:\WINDOWS\System32\shlwapi.dll
0x00007ffaa7fc0000 - 0x00007ffaa7fe6000 	C:\WINDOWS\SYSTEM32\profapi.dll
0x00007ffa933c0000 - 0x00007ffa933d9000 	C:\Program Files\Java\jdk-15.0.1\bin\net.dll
0x00007ffa99630000 - 0x00007ffa99730000 	C:\WINDOWS\SYSTEM32\WINHTTP.dll
0x00007ffaa77b0000 - 0x00007ffaa781a000 	C:\WINDOWS\system32\mswsock.dll
0x00007ffa93010000 - 0x00007ffa93022000 	C:\Program Files\Java\jdk-15.0.1\bin\nio.dll
0x00007ffa92ff0000 - 0x00007ffa93008000 	C:\Program Files\Java\jdk-15.0.1\bin\zip.dll
0x00007ffa95610000 - 0x00007ffa95620000 	C:\Program Files\Java\jdk-15.0.1\bin\verify.dll

dbghelp: loaded successfully - version: 4.0.5 - missing functions: none
symbol engine: initialized successfully - sym options: 0x614 - pdb path: .;C:\Program Files\Java\jdk-15.0.1\bin;C:\WINDOWS\SYSTEM32;C:\WINDOWS\WinSxS\amd64_microsoft.windows.common-controls_6595b64144ccf1df_6.0.19041.488_none_ca04af081b815d21;C:\Program Files\Java\jdk-15.0.1\bin\server

VM Arguments:
jvm_args: -XX:TieredStopAtLevel=1 
java_command: com.infor.apirestescalante.ApirestescalanteApplication
java_class_path (initial): C:\Users\salva\OneDrive\Desktop\apirestescalante\target\classes;C:\Users\salva\.m2\repository\org\springframework\spring-aop\5.3.2\spring-aop-5.3.2.jar;C:\Users\salva\.m2\repository\org\aspectj\aspectjweaver\1.9.6\aspectjweaver-1.9.6.jar;C:\Users\salva\.m2\repository\com\zaxxer\HikariCP\3.4.5\HikariCP-3.4.5.jar;C:\Users\salva\.m2\repository\org\springframework\spring-jdbc\5.3.2\spring-jdbc-5.3.2.jar;C:\Users\salva\.m2\repository\jakarta\transaction\jakarta.transaction-api\1.3.3\jakarta.transaction-api-1.3.3.jar;C:\Users\salva\.m2\repository\jakarta\persistence\jakarta.persistence-api\2.2.3\jakarta.persistence-api-2.2.3.jar;C:\Users\salva\.m2\repository\org\hibernate\hibernate-core\5.4.25.Final\hibernate-core-5.4.25.Final.jar;C:\Users\salva\.m2\repository\org\javassist\javassist\3.27.0-GA\javassist-3.27.0-GA.jar;C:\Users\salva\.m2\repository\net\bytebuddy\byte-buddy\1.10.18\byte-buddy-1.10.18.jar;C:\Users\salva\.m2\repository\antlr\antlr\2.7.7\antlr-2.7.7.jar;C:\Users\salva\.m2\repository\org\jboss\jandex\2.1.3.Final\jandex-2.1.3.Final.jar;C:\Users\salva\.m2\repository\org\dom4j\dom4j\2.1.3\dom4j-2.1.3.jar;C:\Users\salva\.m2\repository\org\hibernate\common\hibernate-commons-annotations\5.1.2.Final\hibernate-commons-annotations-5.1.2.Final.jar;C:\Users\salva\.m2\repository\org\glassfish\jaxb\jaxb-runtime\2.3.3\jaxb-runtime-2.3.3.jar;C:\Users\salva\.m2\repository\org\glassfish\jaxb\txw2\2.3.3\txw2-2.3.3.jar;C:\Users\salva\.m2\repository\com\sun\istack\istack-commons-runtime\3.0.11\istack-commons-runtime-3.0.11.jar;C:\Users\salva\.m2\repository\com\sun\activation\jakarta.activation\1.2.2\jakarta.activation-1.2.2.jar;C:\Users\salva\.m2\repository\org\springframework\data\spring-data-jpa\2.4.2\spring-data-jpa-2.4.2.jar;C:\Users\salva\.m2\repository\org\springframework\data\spring-data-commons\2.4.2\spring-data-commons-2.4.2.jar;C:\Users\salva\.m2\repository\org\springframework\spring-orm\5.3.2\spring-orm-5.3.2.jar;C:\Users\salva\.m2\repository
Launcher Type: SUN_STANDARD

[Global flags]
     intx CICompilerCount                          = 3                                         {product} {ergonomic}
     uint ConcGCThreads                            = 1                                         {product} {ergonomic}
     uint G1ConcRefinementThreads                  = 4                                         {product} {ergonomic}
   size_t G1HeapRegionSize                         = 2097152                                   {product} {ergonomic}
    uintx GCDrainStackTargetSize                   = 64                                        {product} {ergonomic}
   size_t InitialHeapSize                          = 171966464                                 {product} {ergonomic}
   size_t MarkStackSize                            = 4194304                                   {product} {ergonomic}
   size_t MaxHeapSize                              = 2734686208                                {product} {ergonomic}
   size_t MaxNewSize                               = 1639972864                                {product} {ergonomic}
   size_t MinHeapDeltaBytes                        = 2097152                                   {product} {ergonomic}
   size_t MinHeapSize                              = 8388608                                   {product} {ergonomic}
    uintx NonNMethodCodeHeapSize                   = 6973028                                {pd product} {ergonomic}
    uintx NonProfiledCodeHeapSize                  = 244685212                              {pd product} {ergonomic}
    uintx ProfiledCodeHeapSize                     = 0                                      {pd product} {ergonomic}
    uintx ReservedCodeCacheSize                    = 251658240                              {pd product} {ergonomic}
     bool SegmentedCodeCache                       = true                                      {product} {ergonomic}
   size_t SoftMaxHeapSize                          = 2734686208                             {manageable} {ergonomic}
     intx TieredStopAtLevel                        = 1                                         {product} {command line}
     bool UseCompressedClassPointers               = true                                 {lp64_product} {ergonomic}
     bool UseCompressedOops                        = true                                 {lp64_product} {ergonomic}
     bool UseG1GC                                  = true                                      {product} {ergonomic}
     bool UseLargePagesIndividualAllocation        = false                                  {pd product} {ergonomic}

Logging:
Log output configuration:
 #0: stdout all=warning uptime,level,tags
 #1: stderr all=off uptime,level,tags

Environment Variables:
PATH=C:\Program Files\Common Files\Oracle\Java\javapath;"C:\Program Files (x86)\Common Files\Oracle\Java\javapath;C:\Program Files (x86)\Java\jdk1.8.0_181\bin";C:\Program Files (x86)\Intel\iCLS Client\;C:\Program Files\Intel\iCLS Client\;C:\WINDOWS\system32;C:\WINDOWS;C:\WINDOWS\System32\Wbem;C:\WINDOWS\System32\WindowsPowerShell\v1.0\;C:\Program Files (x86)\Intel\Intel(R) Management Engine Components\DAL;C:\Program Files\Intel\Intel(R) Management Engine Components\DAL;C:\Program Files (x86)\Intel\Intel(R) Management Engine Components\IPT;C:\Program Files\Intel\Intel(R) Management Engine Components\IPT;C:\WINDOWS\System32\OpenSSH\;C:\Program Files (x86)\Java\jdk1.8.0_181\bin;C:\Program Files\Microsoft SQL Server\130\Tools\Binn\;C:\Program Files\Git\cmd;C:\Program Files\dotnet\;C:\Program Files\Microsoft SQL Server\Client SDK\ODBC\130\Tools\Binn\;C:\Program Files (x86)\Microsoft SQL Server\140\Tools\Binn\;C:\Program Files\Microsoft SQL Server\140\Tools\Binn\;C:\Program Files\Microsoft SQL Server\140\DTS\Binn\;C:\Program Files (x86)\Microsoft SQL Server\150\DTS\Binn\;C:\Program Files (x86)\dotnet\;C:\Program Files\nodejs\;C:\MinGW\bin;C:\Users\salva\OneDrive\Desktop\Facultad2020\apache-maven-3.6.3\bin;C:\Users\salva\AppData\Local\Programs\Python\Python38-32\Scripts\;C:\Users\salva\AppData\Local\Programs\Python\Python38-32\;C:\Users\salva\AppData\Local\Programs\Python\Python37-32\Scripts\;C:\Users\salva\AppData\Local\Programs\Python\Python37-32\;C:\Program Files\MySQL\MySQL Shell 8.0\bin\;C:\Users\salva\AppData\Local\Programs\Microsoft VS Code\bin;;C:\Users\salva\AppData\Local\Microsoft\WindowsApps;C:\Program Files\heroku\bin;C:\Users\salva\AppData\Roaming\npm
USERNAME=salva
OS=Windows_NT
PROCESSOR_IDENTIFIER=Intel64 Family 6 Model 142 Stepping 9, GenuineIntel



---------------  S Y S T E M  ---------------

OS:
 Windows 10 , 64 bit Build 19041 (10.0.19041.662)
OS uptime: 1 days 9:21 hours

CPU: total 4 (initial active 4) (2 cores per cpu, 2 threads per core) family 6 model 142 stepping 9 microcode 0xb4, cmov, cx8, fxsr, mmx, sse, sse2, sse3, ssse3, sse4.1, sse4.2, popcnt, vzeroupper, avx, avx2, aes, clmul, erms, 3dnowpref, lzcnt, ht, tsc, tscinvbit, bmi1, bmi2, adx, fma, clflush, clflushopt

Memory: 4k page, system-wide physical 10428M (648M free)
TotalPageFile size 10428M (AvailPageFile size 0M)
current process WorkingSet (physical memory assigned to process): 44M, peak: 44M
current process commit charge ("private bytes"): 245M, peak: 245M

vm_info: Java HotSpot(TM) 64-Bit Server VM (15.0.1+9-18) for windows-amd64 JRE (15.0.1+9-18), built on Sep 15 2020 14:43:54 by "mach5one" with unknown MS VC++:1925

END.
