#
# There is insufficient memory for the Java Runtime Environment to continue.
# Native memory allocation (mmap) failed to map 171966464 bytes for G1 virtual space
# Possible reasons:
#   The system is out of physical RAM or swap space
#   The process is running with CompressedOops enabled, and the Java Heap may be blocking the growth of the native heap
# Possible solutions:
#   Reduce memory load on the system
#   Increase physical memory or swap space
#   Check if swap backing store is full
#   Decrease Java heap size (-Xmx/-Xms)
#   Decrease number of Java threads
#   Decrease Java thread stack sizes (-Xss)
#   Set larger code cache with -XX:ReservedCodeCacheSize=
#   JVM is running with Zero Based Compressed Oops mode in which the Java heap is
#     placed in the first 32GB address space. The Java Heap base address is the
#     maximum limit for the native heap growth. Please use -XX:HeapBaseMinAddress
#     to set the Java Heap base and to place the Java Heap above 32GB virtual address.
# This output file may be truncated or incomplete.
#
#  Out of Memory Error (./open/src/hotspot/os/windows/os_windows.cpp:3472), pid=14156, tid=13744
#
# JRE version:  (15.0.1+9) (build )
# Java VM: Java HotSpot(TM) 64-Bit Server VM (15.0.1+9-18, mixed mode, sharing, tiered, compressed oops, g1 gc, windows-amd64)
# No core dump will be written. Minidumps are not enabled by default on client versions of Windows
#

---------------  S U M M A R Y ------------

Command Line: -XX:TieredStopAtLevel=1 com.infor.apirestescalante.ApirestescalanteApplication

Host: Intel(R) Core(TM) i7-7500U CPU @ 2.70GHz, 4 cores, 10G,  Windows 10 , 64 bit Build 19041 (10.0.19041.662)
Time: Sat Dec 26 16:29:28 2020 Hora estándar de Argentina elapsed time: 0.115604 seconds (0d 0h 0m 0s)

---------------  T H R E A D  ---------------

Current thread (0x000001c03badc970):  JavaThread "Unknown thread" [_thread_in_vm, id=13744, stack(0x000000bdde000000,0x000000bdde100000)]

Stack: [0x000000bdde000000,0x000000bdde100000]
Native frames: (J=compiled Java code, j=interpreted, Vv=VM code, C=native code)
V  [jvm.dll+0x62ae9a]
V  [jvm.dll+0x781389]
V  [jvm.dll+0x782ae3]
V  [jvm.dll+0x783143]
V  [jvm.dll+0x216265]
V  [jvm.dll+0x6281d9]
V  [jvm.dll+0x61cd15]
V  [jvm.dll+0x2d01fd]
V  [jvm.dll+0x2d0062]
V  [jvm.dll+0x2d603c]
V  [jvm.dll+0x325b2a]
V  [jvm.dll+0x3251f4]
V  [jvm.dll+0x2a717a]
V  [jvm.dll+0x2a8318]
V  [jvm.dll+0x75e101]
V  [jvm.dll+0x3343e4]
V  [jvm.dll+0x73e826]
V  [jvm.dll+0x3b7777]
V  [jvm.dll+0x3b9201]
C  [jli.dll+0x52fb]
C  [ucrtbase.dll+0x214c2]
C  [KERNEL32.DLL+0x17034]
C  [ntdll.dll+0x4d0d1]


---------------  P R O C E S S  ---------------

Threads class SMR info:
_java_thread_list=0x00007ffa71c14ff0, length=0, elements={
}

Java Threads: ( => current thread )

Other Threads:
  0x000001c03bb1b510 GCTaskThread "GC Thread#0" [stack: 0x000000bdde100000,0x000000bdde200000] [id=15116]
  0x000001c03bb26960 ConcurrentGCThread "G1 Main Marker" [stack: 0x000000bdde200000,0x000000bdde300000] [id=10804]
  0x000001c03bb28490 ConcurrentGCThread "G1 Conc#0" [stack: 0x000000bdde300000,0x000000bdde400000] [id=15960]

[error occurred during error reporting (printing all threads), id 0xc0000005, EXCEPTION_ACCESS_VIOLATION (0xc0000005) at pc=0x00007ffa71408047]

VM state: not at safepoint (not fully initialized)

VM Mutex/Monitor currently owned by a thread:  ([mutex/lock_event])
[0x000001c03bad9250] Heap_lock - owner thread: 0x000001c03badc970

Heap address: 0x000000075d000000, size: 2608 MB, Compressed Oops mode: Zero based, Oop shift amount: 3
CDS archive(s) mapped at: [0x0000000000000000-0x0000000000000000-0x0000000000000000), size 0, SharedBaseAddress: 0x0000000800000000, ArchiveRelocationMode: 0.
Narrow klass base: 0x0000000000000000, Narrow klass shift: 0, Narrow klass range: 0x0

Heap:
 garbage-first heap   total 167936K, used 0K [0x000000075d000000, 0x0000000800000000)
  region size 2048K, 0 young (0K), 0 survivors (0K)
 Metaspace       used 0K, capacity 0K, committed 0K, reserved 0K
  class space    used 0K, capacity 0K, committed 0K, reserved 0K

Heap Regions: E=young(eden), S=young(survivor), O=old, HS=humongous(starts), HC=humongous(continues), CS=collection set, F=free, OA=open archive, CA=closed archive, TAMS=top-at-mark-start (previous, next)

Card table byte_map: [0x000001c055030000,0x000001c055550000] _byte_map_base: 0x000001c051548000

Marking Bits (Prev, Next): (CMBitMap*) 0x000001c03bb1bd00, (CMBitMap*) 0x000001c03bb1bd40
 Prev Bits: [0x000001c055a70000, 0x000001c058330000)
 Next Bits: [0x000001c058330000, 0x000001c05abf0000)

GC Heap History (0 events):
No events

Deoptimization events (0 events):
No events

Classes unloaded (0 events):
No events

Classes redefined (0 events):
No events

Internal exceptions (0 events):
No events

Events (1 events):
Event: 0.042 Loaded shared library C:\Program Files\Java\jdk-15.0.1\bin\java.dll


Dynamic libraries:
0x00007ff750250000 - 0x00007ff75025f000 	C:\Program Files\Java\jdk-15.0.1\bin\java.exe
0x00007ffaaa950000 - 0x00007ffaaab46000 	C:\WINDOWS\SYSTEM32\ntdll.dll
0x00007ffaa89b0000 - 0x00007ffaa8a6d000 	C:\WINDOWS\System32\KERNEL32.DLL
0x00007ffaa8400000 - 0x00007ffaa86c9000 	C:\WINDOWS\System32\KERNELBASE.dll
0x00007ffaa87e0000 - 0x00007ffaa88e0000 	C:\WINDOWS\System32\ucrtbase.dll
0x00007ffa99ec0000 - 0x00007ffa99ed8000 	C:\Program Files\Java\jdk-15.0.1\bin\jli.dll
0x00007ffaa8b90000 - 0x00007ffaa8c3c000 	C:\WINDOWS\System32\ADVAPI32.dll
0x00007ffaa8de0000 - 0x00007ffaa8e7e000 	C:\WINDOWS\System32\msvcrt.dll
0x00007ffaa9ac0000 - 0x00007ffaa9b5c000 	C:\WINDOWS\System32\sechost.dll
0x00007ffaa9990000 - 0x00007ffaa9abb000 	C:\WINDOWS\System32\RPCRT4.dll
0x00007ffaaa770000 - 0x00007ffaaa910000 	C:\WINDOWS\System32\USER32.dll
0x00007ffaa8730000 - 0x00007ffaa8752000 	C:\WINDOWS\System32\win32u.dll
0x00007ffaa8c40000 - 0x00007ffaa8c6a000 	C:\WINDOWS\System32\GDI32.dll
0x00007ffaa82f0000 - 0x00007ffaa83f9000 	C:\WINDOWS\System32\gdi32full.dll
0x00007ffaa8910000 - 0x00007ffaa89ad000 	C:\WINDOWS\System32\msvcp_win.dll
0x00007ffa99ea0000 - 0x00007ffa99eb9000 	C:\Program Files\Java\jdk-15.0.1\bin\VCRUNTIME140.dll
0x00007ffa952c0000 - 0x00007ffa9555b000 	C:\WINDOWS\WinSxS\amd64_microsoft.windows.common-controls_6595b64144ccf1df_6.0.19041.488_none_ca04af081b815d21\COMCTL32.dll
0x00007ffa9d1b0000 - 0x00007ffa9d1ba000 	C:\WINDOWS\SYSTEM32\VERSION.dll
0x00007ffaaa0c0000 - 0x00007ffaaa0f0000 	C:\WINDOWS\System32\IMM32.DLL
0x00007ffaa4540000 - 0x00007ffaa454c000 	C:\Program Files\Java\jdk-15.0.1\bin\vcruntime140_1.dll
0x00007ffa8fcc0000 - 0x00007ffa8fd51000 	C:\Program Files\Java\jdk-15.0.1\bin\msvcp140.dll
0x00007ffa71150000 - 0x00007ffa71cae000 	C:\Program Files\Java\jdk-15.0.1\bin\server\jvm.dll
0x00007ffaa9fb0000 - 0x00007ffaa9fb8000 	C:\WINDOWS\System32\PSAPI.DLL
0x00007ffa981e0000 - 0x00007ffa981e9000 	C:\WINDOWS\SYSTEM32\WSOCK32.dll
0x00007ffa99ab0000 - 0x00007ffa99ad7000 	C:\WINDOWS\SYSTEM32\WINMM.dll
0x00007ffaa9bd0000 - 0x00007ffaa9c3b000 	C:\WINDOWS\System32\WS2_32.dll
0x00007ffaa6c90000 - 0x00007ffaa6ca2000 	C:\WINDOWS\SYSTEM32\kernel.appcore.dll
0x00007ffaa44a0000 - 0x00007ffaa44aa000 	C:\Program Files\Java\jdk-15.0.1\bin\jimage.dll
0x00007ffaa6670000 - 0x00007ffaa6854000 	C:\WINDOWS\SYSTEM32\DBGHELP.DLL
0x00007ffa978d0000 - 0x00007ffa978fc000 	C:\WINDOWS\SYSTEM32\dbgcore.DLL
0x00007ffaa8760000 - 0x00007ffaa87e0000 	C:\WINDOWS\System32\bcryptPrimitives.dll
0x00007ffa93620000 - 0x00007ffa93645000 	C:\Program Files\Java\jdk-15.0.1\bin\java.dll

dbghelp: loaded successfully - version: 4.0.5 - missing functions: none
symbol engine: initialized successfully - sym options: 0x614 - pdb path: .;C:\Program Files\Java\jdk-15.0.1\bin;C:\WINDOWS\SYSTEM32;C:\WINDOWS\WinSxS\amd64_microsoft.windows.common-controls_6595b64144ccf1df_6.0.19041.488_none_ca04af081b815d21;C:\Program Files\Java\jdk-15.0.1\bin\server

VM Arguments:
jvm_args: -XX:TieredStopAtLevel=1 
java_command: com.infor.apirestescalante.ApirestescalanteApplication
java_class_path (initial): C:\Users\salva\OneDrive\Desktop\apirestescalante\target\classes;C:\Users\salva\.m2\repository\org\springframework\spring-aop\5.3.2\spring-aop-5.3.2.jar;C:\Users\salva\.m2\repository\org\aspectj\aspectjweaver\1.9.6\aspectjweaver-1.9.6.jar;C:\Users\salva\.m2\repository\com\zaxxer\HikariCP\3.4.5\HikariCP-3.4.5.jar;C:\Users\salva\.m2\repository\org\springframework\spring-jdbc\5.3.2\spring-jdbc-5.3.2.jar;C:\Users\salva\.m2\repository\jakarta\transaction\jakarta.transaction-api\1.3.3\jakarta.transaction-api-1.3.3.jar;C:\Users\salva\.m2\repository\jakarta\persistence\jakarta.persistence-api\2.2.3\jakarta.persistence-api-2.2.3.jar;C:\Users\salva\.m2\repository\org\hibernate\hibernate-core\5.4.25.Final\hibernate-core-5.4.25.Final.jar;C:\Users\salva\.m2\repository\org\javassist\javassist\3.27.0-GA\javassist-3.27.0-GA.jar;C:\Users\salva\.m2\repository\net\bytebuddy\byte-buddy\1.10.18\byte-buddy-1.10.18.jar;C:\Users\salva\.m2\repository\antlr\antlr\2.7.7\antlr-2.7.7.jar;C:\Users\salva\.m2\repository\org\jboss\jandex\2.1.3.Final\jandex-2.1.3.Final.jar;C:\Users\salva\.m2\repository\org\dom4j\dom4j\2.1.3\dom4j-2.1.3.jar;C:\Users\salva\.m2\repository\org\hibernate\common\hibernate-commons-annotations\5.1.2.Final\hibernate-commons-annotations-5.1.2.Final.jar;C:\Users\salva\.m2\repository\org\glassfish\jaxb\jaxb-runtime\2.3.3\jaxb-runtime-2.3.3.jar;C:\Users\salva\.m2\repository\org\glassfish\jaxb\txw2\2.3.3\txw2-2.3.3.jar;C:\Users\salva\.m2\repository\com\sun\istack\istack-commons-runtime\3.0.11\istack-commons-runtime-3.0.11.jar;C:\Users\salva\.m2\repository\com\sun\activation\jakarta.activation\1.2.2\jakarta.activation-1.2.2.jar;C:\Users\salva\.m2\repository\org\springframework\data\spring-data-jpa\2.4.2\spring-data-jpa-2.4.2.jar;C:\Users\salva\.m2\repository\org\springframework\data\spring-data-commons\2.4.2\spring-data-commons-2.4.2.jar;C:\Users\salva\.m2\repository\org\springframework\spring-orm\5.3.2\spring-orm-5.3.2.jar;C:\Users\salva\.m2\repository
Launcher Type: SUN_STANDARD

[Global flags]
     intx CICompilerCount                          = 3                                         {product} {ergonomic}
     uint ConcGCThreads                            = 1                                         {product} {ergonomic}
     uint G1ConcRefinementThreads                  = 4                                         {product} {ergonomic}
   size_t G1HeapRegionSize                         = 2097152                                   {product} {ergonomic}
    uintx GCDrainStackTargetSize                   = 64                                        {product} {ergonomic}
   size_t InitialHeapSize                          = 171966464                                 {product} {ergonomic}
   size_t MarkStackSize                            = 4194304                                   {product} {ergonomic}
   size_t MaxHeapSize                              = 2734686208                                {product} {ergonomic}
   size_t MinHeapDeltaBytes                        = 2097152                                   {product} {ergonomic}
   size_t MinHeapSize                              = 8388608                                   {product} {ergonomic}
    uintx NonNMethodCodeHeapSize                   = 6973028                                {pd product} {ergonomic}
    uintx NonProfiledCodeHeapSize                  = 244685212                              {pd product} {ergonomic}
    uintx ProfiledCodeHeapSize                     = 0                                      {pd product} {ergonomic}
    uintx ReservedCodeCacheSize                    = 251658240                              {pd product} {ergonomic}
     bool SegmentedCodeCache                       = true                                      {product} {ergonomic}
   size_t SoftMaxHeapSize                          = 2734686208                             {manageable} {ergonomic}
     intx TieredStopAtLevel                        = 1                                         {product} {command line}
     bool UseCompressedClassPointers               = true                                 {lp64_product} {ergonomic}
     bool UseCompressedOops                        = true                                 {lp64_product} {ergonomic}
     bool UseG1GC                                  = true                                      {product} {ergonomic}
     bool UseLargePagesIndividualAllocation        = false                                  {pd product} {ergonomic}

Logging:
Log output configuration:
 #0: stdout all=warning uptime,level,tags
 #1: stderr all=off uptime,level,tags

Environment Variables:
PATH=C:\Program Files\Common Files\Oracle\Java\javapath;"C:\Program Files (x86)\Common Files\Oracle\Java\javapath;C:\Program Files (x86)\Java\jdk1.8.0_181\bin";C:\Program Files (x86)\Intel\iCLS Client\;C:\Program Files\Intel\iCLS Client\;C:\WINDOWS\system32;C:\WINDOWS;C:\WINDOWS\System32\Wbem;C:\WINDOWS\System32\WindowsPowerShell\v1.0\;C:\Program Files (x86)\Intel\Intel(R) Management Engine Components\DAL;C:\Program Files\Intel\Intel(R) Management Engine Components\DAL;C:\Program Files (x86)\Intel\Intel(R) Management Engine Components\IPT;C:\Program Files\Intel\Intel(R) Management Engine Components\IPT;C:\WINDOWS\System32\OpenSSH\;C:\Program Files (x86)\Java\jdk1.8.0_181\bin;C:\Program Files\Microsoft SQL Server\130\Tools\Binn\;C:\Program Files\Git\cmd;C:\Program Files\dotnet\;C:\Program Files\Microsoft SQL Server\Client SDK\ODBC\130\Tools\Binn\;C:\Program Files (x86)\Microsoft SQL Server\140\Tools\Binn\;C:\Program Files\Microsoft SQL Server\140\Tools\Binn\;C:\Program Files\Microsoft SQL Server\140\DTS\Binn\;C:\Program Files (x86)\Microsoft SQL Server\150\DTS\Binn\;C:\Program Files (x86)\dotnet\;C:\Program Files\nodejs\;C:\MinGW\bin;C:\Users\salva\OneDrive\Desktop\Facultad2020\apache-maven-3.6.3\bin;C:\Users\salva\AppData\Local\Programs\Python\Python38-32\Scripts\;C:\Users\salva\AppData\Local\Programs\Python\Python38-32\;C:\Users\salva\AppData\Local\Programs\Python\Python37-32\Scripts\;C:\Users\salva\AppData\Local\Programs\Python\Python37-32\;C:\Program Files\MySQL\MySQL Shell 8.0\bin\;C:\Users\salva\AppData\Local\Programs\Microsoft VS Code\bin;;C:\Users\salva\AppData\Local\Microsoft\WindowsApps;C:\Program Files\heroku\bin;C:\Users\salva\AppData\Roaming\npm
USERNAME=salva
OS=Windows_NT
PROCESSOR_IDENTIFIER=Intel64 Family 6 Model 142 Stepping 9, GenuineIntel



---------------  S Y S T E M  ---------------

OS:
 Windows 10 , 64 bit Build 19041 (10.0.19041.662)
OS uptime: 9 days 8:47 hours

CPU: total 4 (initial active 4) (2 cores per cpu, 2 threads per core) family 6 model 142 stepping 9 microcode 0xb4, cmov, cx8, fxsr, mmx, sse, sse2, sse3, ssse3, sse4.1, sse4.2, popcnt, vzeroupper, avx, avx2, aes, clmul, erms, 3dnowpref, lzcnt, ht, tsc, tscinvbit, bmi1, bmi2, adx, fma, clflush, clflushopt

Memory: 4k page, system-wide physical 10428M (671M free)
TotalPageFile size 10428M (AvailPageFile size 103M)
current process WorkingSet (physical memory assigned to process): 10M, peak: 10M
current process commit charge ("private bytes"): 49M, peak: 213M

vm_info: Java HotSpot(TM) 64-Bit Server VM (15.0.1+9-18) for windows-amd64 JRE (15.0.1+9-18), built on Sep 15 2020 14:43:54 by "mach5one" with unknown MS VC++:1925

END.
